<?xml version="1.0" encoding="UTF-8"?>
<testng-results skipped="0" failed="0" ignored="0" total="1" passed="1">
  <reporter-output>
  </reporter-output>
  <suite name="Default suite" duration-ms="35925" started-at="2019-07-01T11:46:58Z" finished-at="2019-07-01T11:47:34Z">
    <groups>
    </groups>
    <test name="Default test" duration-ms="35925" started-at="2019-07-01T11:46:58Z" finished-at="2019-07-01T11:47:34Z">
      <class name="com.training.sanity.tests.TC_023_eLearnAdmin_AddUserToCourse">
        <test-method status="PASS" signature="setUpBeforeClass()[pri:0, instance:com.training.sanity.tests.TC_023_eLearnAdmin_AddUserToCourse@6a28ffa4]" name="setUpBeforeClass" is-config="true" duration-ms="63" started-at="2019-07-01T11:46:58Z" finished-at="2019-07-01T11:46:58Z">
          <reporter-output>
          </reporter-output>
        </test-method> <!-- setUpBeforeClass -->
        <test-method status="PASS" signature="setUp()[pri:0, instance:com.training.sanity.tests.TC_023_eLearnAdmin_AddUserToCourse@6a28ffa4]" name="setUp" is-config="true" duration-ms="19403" started-at="2019-07-01T11:46:58Z" finished-at="2019-07-01T11:47:18Z">
          <reporter-output>
          </reporter-output>
        </test-method> <!-- setUp -->
        <test-method status="PASS" signature="addUserToCourse()[pri:0, instance:com.training.sanity.tests.TC_023_eLearnAdmin_AddUserToCourse@6a28ffa4]" name="addUserToCourse" duration-ms="13741" started-at="2019-07-01T11:47:18Z" finished-at="2019-07-01T11:47:32Z">
          <reporter-output>
          </reporter-output>
        </test-method> <!-- addUserToCourse -->
        <test-method status="PASS" signature="tearDown()[pri:0, instance:com.training.sanity.tests.TC_023_eLearnAdmin_AddUserToCourse@6a28ffa4]" name="tearDown" is-config="true" duration-ms="2656" started-at="2019-07-01T11:47:32Z" finished-at="2019-07-01T11:47:34Z">
          <reporter-output>
          </reporter-output>
        </test-method> <!-- tearDown -->
      </class> <!-- com.training.sanity.tests.TC_023_eLearnAdmin_AddUserToCourse -->
    </test> <!-- Default test -->
  </suite> <!-- Default suite -->
</testng-results>
