<?xml version="1.0" encoding="UTF-8"?>
<testng-results skipped="0" failed="0" ignored="0" total="1" passed="1">
  <reporter-output>
  </reporter-output>
  <suite name="Default suite" duration-ms="53315" started-at="2019-07-09T06:20:55Z" finished-at="2019-07-09T06:21:49Z">
    <groups>
    </groups>
    <test name="Default test" duration-ms="53315" started-at="2019-07-09T06:20:55Z" finished-at="2019-07-09T06:21:49Z">
      <class name="com.training.sanity.tests.TC_053_eLearn_GenerateReport_Student">
        <test-method status="PASS" signature="setUpBeforeClass()[pri:0, instance:com.training.sanity.tests.TC_053_eLearn_GenerateReport_Student@9353778]" name="setUpBeforeClass" is-config="true" duration-ms="62" started-at="2019-07-09T06:20:56Z" finished-at="2019-07-09T06:20:56Z">
          <reporter-output>
          </reporter-output>
        </test-method> <!-- setUpBeforeClass -->
        <test-method status="PASS" signature="setUp()[pri:0, instance:com.training.sanity.tests.TC_053_eLearn_GenerateReport_Student@9353778]" name="setUp" is-config="true" duration-ms="20352" started-at="2019-07-09T06:20:56Z" finished-at="2019-07-09T06:21:16Z">
          <reporter-output>
          </reporter-output>
        </test-method> <!-- setUp -->
        <test-method status="PASS" signature="generateReportForStudent()[pri:0, instance:com.training.sanity.tests.TC_053_eLearn_GenerateReport_Student@9353778]" name="generateReportForStudent" duration-ms="32822" started-at="2019-07-09T06:21:16Z" finished-at="2019-07-09T06:21:49Z">
          <reporter-output>
          </reporter-output>
        </test-method> <!-- generateReportForStudent -->
      </class> <!-- com.training.sanity.tests.TC_053_eLearn_GenerateReport_Student -->
    </test> <!-- Default test -->
  </suite> <!-- Default suite -->
</testng-results>
